<?xml version="1.0" encoding="UTF-8" ?>
<testsuite tests="7" failures="0" name="test1.Color1Test" time="0.023" errors="0" skipped="0">
  <properties>
    <property name="java.runtime.name" value="Java(TM) SE Runtime Environment"/>
    <property name="sun.boot.library.path" value="C:\pleiades\2021-12\pleiades\java\8\jre\bin"/>
    <property name="java.vm.version" value="25.202-b08"/>
    <property name="java.vm.vendor" value="Oracle Corporation"/>
    <property name="maven.multiModuleProjectDirectory" value="C:\Users\VOA_User\git\mavenTest\test1"/>
    <property name="java.vendor.url" value="http://java.oracle.com/"/>
    <property name="path.separator" value=";"/>
    <property name="guice.disable.misplaced.annotation.check" value="true"/>
    <property name="java.vm.name" value="Java HotSpot(TM) 64-Bit Server VM"/>
    <property name="file.encoding.pkg" value="sun.io"/>
    <property name="user.script" value=""/>
    <property name="user.country" value="JP"/>
    <property name="sun.java.launcher" value="SUN_STANDARD"/>
    <property name="sun.os.patch.level" value=""/>
    <property name="java.vm.specification.name" value="Java Virtual Machine Specification"/>
    <property name="user.dir" value="C:\Users\VOA_User\git\mavenTest\test1"/>
    <property name="java.runtime.version" value="1.8.0_202-b08"/>
    <property name="java.awt.graphicsenv" value="sun.awt.Win32GraphicsEnvironment"/>
    <property name="java.endorsed.dirs" value="C:\pleiades\2021-12\pleiades\java\8\jre\lib\endorsed"/>
    <property name="os.arch" value="amd64"/>
    <property name="java.io.tmpdir" value="C:\Users\VOA_User\AppData\Local\Temp\"/>
    <property name="line.separator" value="
"/>
    <property name="java.vm.specification.vendor" value="Oracle Corporation"/>
    <property name="user.variant" value=""/>
    <property name="os.name" value="Windows 10"/>
    <property name="classworlds.conf" value="C:\pleiades\2021-12\pleiades\workspace\sato\.metadata\.plugins\org.eclipse.m2e.launching\launches\m2conf13117351984900436147.tmp"/>
    <property name="sun.jnu.encoding" value="MS932"/>
    <property name="java.library.path" value="C:\pleiades\2021-12\pleiades\java\8\bin;C:\Windows\Sun\Java\bin;C:\Windows\system32;C:\Windows;C:/pleiades/2021-12/pleiades/eclipse/jre/bin/server;C:/pleiades/2021-12/pleiades/eclipse/jre/bin;C:\Windows\system32;C:\Windows;C:\Windows\System32\Wbem;C:\Windows\System32\WindowsPowerShell\v1.0\;C:\Windows\System32\OpenSSH\;C:\Program Files\Docker\Docker\resources\bin;C:\ProgramData\DockerDesktop\version-bin;C:\Program Files\Git\cmd;C:\Ruby30-x64\bin;C:\Users\VOA_User\scoop\shims;C:\Users\VOA_User\AppData\Local\Microsoft\WindowsApps;C:\Ruby30-x64\bin\ultrahook;C:\tmp\apache-maven-3.8.4-bin\apache-maven-3.8.4\bin;;C:\pleiades\2021-12\pleiades\eclipse;;."/>
    <property name="java.specification.name" value="Java Platform API Specification"/>
    <property name="java.class.version" value="52.0"/>
    <property name="sun.management.compiler" value="HotSpot 64-Bit Tiered Compilers"/>
    <property name="os.version" value="10.0"/>
    <property name="user.home" value="C:\Users\VOA_User"/>
    <property name="user.timezone" value="Asia/Tokyo"/>
    <property name="java.awt.printerjob" value="sun.awt.windows.WPrinterJob"/>
    <property name="java.specification.version" value="1.8"/>
    <property name="file.encoding" value="UTF-8"/>
    <property name="user.name" value="VOA_User"/>
    <property name="java.class.path" value="C:\pleiades\2021-12\pleiades\eclipse\plugins\org.eclipse.m2e.maven.runtime_1.18.1.20211011-2139\jars\plexus-classworlds-2.6.0.jar"/>
    <property name="java.vm.specification.version" value="1.8"/>
    <property name="sun.arch.data.model" value="64"/>
    <property name="java.home" value="C:\pleiades\2021-12\pleiades\java\8\jre"/>
    <property name="sun.java.command" value="org.codehaus.plexus.classworlds.launcher.Launcher -B test"/>
    <property name="java.specification.vendor" value="Oracle Corporation"/>
    <property name="user.language" value="ja"/>
    <property name="awt.toolkit" value="sun.awt.windows.WToolkit"/>
    <property name="java.vm.info" value="mixed mode"/>
    <property name="java.version" value="1.8.0_202"/>
    <property name="java.ext.dirs" value="C:\pleiades\2021-12\pleiades\java\8\jre\lib\ext;C:\Windows\Sun\Java\lib\ext"/>
    <property name="sun.boot.class.path" value="C:\pleiades\2021-12\pleiades\java\8\jre\lib\resources.jar;C:\pleiades\2021-12\pleiades\java\8\jre\lib\rt.jar;C:\pleiades\2021-12\pleiades\java\8\jre\lib\sunrsasign.jar;C:\pleiades\2021-12\pleiades\java\8\jre\lib\jsse.jar;C:\pleiades\2021-12\pleiades\java\8\jre\lib\jce.jar;C:\pleiades\2021-12\pleiades\java\8\jre\lib\charsets.jar;C:\pleiades\2021-12\pleiades\java\8\jre\lib\jfr.jar;C:\pleiades\2021-12\pleiades\java\8\jre\classes"/>
    <property name="java.vendor" value="Oracle Corporation"/>
    <property name="maven.home" value="C:\Users\VOA_User\git\mavenTest\test1\EMBEDDED"/>
    <property name="file.separator" value="\"/>
    <property name="java.vendor.url.bug" value="http://bugreport.sun.com/bugreport/"/>
    <property name="sun.cpu.endian" value="little"/>
    <property name="sun.io.unicode.encoding" value="UnicodeLittle"/>
    <property name="sun.desktop" value="windows"/>
    <property name="sun.cpu.isalist" value="amd64"/>
  </properties>
  <testcase classname="test1.Color1Test" name="testCheckNullError1" time="0.006"/>
  <testcase classname="test1.Color1Test" name="testCheckNullError2" time="0.001"/>
  <testcase classname="test1.Color1Test" name="testCheckNullError3" time="0.009"/>
  <testcase classname="test1.Color1Test" name="testCheckNullError4" time="0"/>
  <testcase classname="test1.Color1Test" name="testGetColor1" time="0.002"/>
  <testcase classname="test1.Color1Test" name="testGetColor2" time="0.001"/>
  <testcase classname="test1.Color1Test" name="testGetColor3" time="0.004"/>
</testsuite>